生成启动时间为 2019/7/13 0:53:40。
     1>项目“c:\Users\george-xu\documents\visual studio 2013\Projects\LeanOpenGL\LeanOpenGL\LeanOpenGL.vcxproj”在节点 2 上(Build 个目标)。
     1>ClCompile:
         F:\Program Files (x86)\Microsoft Visual Studio 12.0\VC\bin\x86_amd64\CL.exe /c /Zi /nologo /W3 /WX- /sdl /O2 /Oi /GL /D WIN32 /D NDEBUG /D _CONSOLE /D _LIB /D _UNICODE /D UNICODE /Gm- /EHsc /MD /GS /Gy /fp:precise /Zc:wchar_t /Zc:forScope /Fo"x64\Release\\" /Fd"x64\Release\vc120.pdb" /Gd /TP /errorReport:prompt main.cpp
         main.cpp
     1>main.cpp(131): warning C4244: “初始化”: 从“double”转换到“float”，可能丢失数据
     1>main.cpp(156): warning C4244: “初始化”: 从“double”转换到“float”，可能丢失数据
     1>main.cpp(170): warning C4244: “初始化”: 从“unsigned int”转换到“float”，可能丢失数据
     1>main.cpp(181): warning C4244: “初始化”: 从“double”转换到“float”，可能丢失数据
       Link:
         F:\Program Files (x86)\Microsoft Visual Studio 12.0\VC\bin\x86_amd64\link.exe /ERRORREPORT:PROMPT /OUT:"c:\users\george-xu\documents\visual studio 2013\Projects\LeanOpenGL\x64\Release\LeanOpenGL.exe" /INCREMENTAL:NO /NOLOGO glfw3.lib opengl32.lib kernel32.lib user32.lib gdi32.lib winspool.lib comdlg32.lib advapi32.lib shell32.lib ole32.lib oleaut32.lib uuid.lib odbc32.lib odbccp32.lib /MANIFEST /MANIFESTUAC:"level='asInvoker' uiAccess='false'" /manifest:embed /DEBUG /PDB:"c:\users\george-xu\documents\visual studio 2013\Projects\LeanOpenGL\x64\Release\LeanOpenGL.pdb" /SUBSYSTEM:CONSOLE /OPT:REF /OPT:ICF /LTCG /TLBID:1 /DYNAMICBASE /NXCOMPAT /IMPLIB:"c:\users\george-xu\documents\visual studio 2013\Projects\LeanOpenGL\x64\Release\LeanOpenGL.lib" /MACHINE:X64 x64\Release\Camera.obj
         x64\Release\glad.obj
         x64\Release\main.obj
         x64\Release\shader.obj
         x64\Release\stb_image.obj
         x64\Release\Transform.obj
         正在生成代码
         已完成代码的生成
         LeanOpenGL.vcxproj -> c:\users\george-xu\documents\visual studio 2013\Projects\LeanOpenGL\x64\Release\LeanOpenGL.exe
     1>已完成生成项目“c:\Users\george-xu\documents\visual studio 2013\Projects\LeanOpenGL\LeanOpenGL\LeanOpenGL.vcxproj”(Build 个目标)的操作。

生成成功。

已用时间 00:00:02.19
